<?xml version="1.0" encoding="UTF-8"?>
<testng-results ignored="0" total="2" passed="2" failed="0" skipped="0">
  <reporter-output>
  </reporter-output>
  <suite started-at="2023-09-07T08:56:56 IST" name="Suite" finished-at="2023-09-07T08:57:44 IST" duration-ms="48292">
    <groups>
    </groups>
    <test started-at="2023-09-07T08:56:56 IST" name="Test1" finished-at="2023-09-07T08:57:32 IST" duration-ms="35624">
      <class name="practicePrograms.CrossBrowser">
        <test-method signature="amazon(java.lang.String)[pri:0, instance:practicePrograms.CrossBrowser@67c27493]" started-at="2023-09-07T08:56:56 IST" name="amazon" finished-at="2023-09-07T08:57:31 IST" duration-ms="35370" status="PASS">
          <params>
            <param index="0">
              <value>
                <![CDATA[edge]]>
              </value>
            </param>
          </params>
          <reporter-output>
          </reporter-output>
        </test-method> <!-- amazon -->
      </class> <!-- practicePrograms.CrossBrowser -->
    </test> <!-- Test1 -->
    <test started-at="2023-09-07T08:56:56 IST" name="Test2" finished-at="2023-09-07T08:57:44 IST" duration-ms="48292">
      <class name="practicePrograms.CrossBrowser">
        <test-method signature="amazon(java.lang.String)[pri:0, instance:practicePrograms.CrossBrowser@1d296da]" started-at="2023-09-07T08:56:56 IST" name="amazon" finished-at="2023-09-07T08:57:44 IST" duration-ms="48122" status="PASS">
          <params>
            <param index="0">
              <value>
                <![CDATA[firefox]]>
              </value>
            </param>
          </params>
          <reporter-output>
          </reporter-output>
        </test-method> <!-- amazon -->
      </class> <!-- practicePrograms.CrossBrowser -->
    </test> <!-- Test2 -->
  </suite> <!-- Suite -->
</testng-results>
